<?xml version="1.0" encoding="UTF-8"?>
<testsuite xmlns:xsi="http://www.w3.org/2001/XMLSchema-instance" xsi:noNamespaceSchemaLocation="https://maven.apache.org/surefire/maven-surefire-plugin/xsd/surefire-test-report.xsd" name="com.learning.utils.CalculatorTest" time="0.024" tests="9" errors="1" skipped="0" failures="0">
  <properties>
    <property name="java.specification.version" value="17"/>
    <property name="sun.jnu.encoding" value="UTF-8"/>
    <property name="java.class.path" value="/Applications/Springboot_Microservices/simpleCalculator/target/test-classes:/Applications/Springboot_Microservices/simpleCalculator/target/classes:/Users/souravyadav/.m2/repository/org/junit/jupiter/junit-jupiter-api/5.7.0/junit-jupiter-api-5.7.0.jar:/Users/souravyadav/.m2/repository/org/apiguardian/apiguardian-api/1.1.0/apiguardian-api-1.1.0.jar:/Users/souravyadav/.m2/repository/org/opentest4j/opentest4j/1.2.0/opentest4j-1.2.0.jar:/Users/souravyadav/.m2/repository/org/junit/platform/junit-platform-commons/1.7.0/junit-platform-commons-1.7.0.jar:/Users/souravyadav/.m2/repository/org/junit/jupiter/junit-jupiter-engine/5.7.0/junit-jupiter-engine-5.7.0.jar:/Users/souravyadav/.m2/repository/org/junit/platform/junit-platform-engine/1.7.0/junit-platform-engine-1.7.0.jar:"/>
    <property name="java.vm.vendor" value="Azul Systems, Inc."/>
    <property name="sun.arch.data.model" value="64"/>
    <property name="java.vendor.url" value="http://www.azul.com/"/>
    <property name="os.name" value="Mac OS X"/>
    <property name="java.vm.specification.version" value="17"/>
    <property name="sun.java.launcher" value="SUN_STANDARD"/>
    <property name="user.country" value="IN"/>
    <property name="sun.boot.library.path" value="/Library/Java/JavaVirtualMachines/zulu-17.jdk/Contents/Home/lib"/>
    <property name="sun.java.command" value="/Applications/Springboot_Microservices/simpleCalculator/target/surefire/surefirebooter18181514223320170423.jar /Applications/Springboot_Microservices/simpleCalculator/target/surefire 2024-10-16T11-12-56_457-jvmRun1 surefire7756487392331995582tmp surefire_03848499033415274169tmp"/>
    <property name="http.nonProxyHosts" value="local|*.local|169.254/16|*.169.254/16"/>
    <property name="jdk.debug" value="release"/>
    <property name="surefire.test.class.path" value="/Applications/Springboot_Microservices/simpleCalculator/target/test-classes:/Applications/Springboot_Microservices/simpleCalculator/target/classes:/Users/souravyadav/.m2/repository/org/junit/jupiter/junit-jupiter-api/5.7.0/junit-jupiter-api-5.7.0.jar:/Users/souravyadav/.m2/repository/org/apiguardian/apiguardian-api/1.1.0/apiguardian-api-1.1.0.jar:/Users/souravyadav/.m2/repository/org/opentest4j/opentest4j/1.2.0/opentest4j-1.2.0.jar:/Users/souravyadav/.m2/repository/org/junit/platform/junit-platform-commons/1.7.0/junit-platform-commons-1.7.0.jar:/Users/souravyadav/.m2/repository/org/junit/jupiter/junit-jupiter-engine/5.7.0/junit-jupiter-engine-5.7.0.jar:/Users/souravyadav/.m2/repository/org/junit/platform/junit-platform-engine/1.7.0/junit-platform-engine-1.7.0.jar:"/>
    <property name="sun.cpu.endian" value="little"/>
    <property name="user.home" value="/Users/souravyadav"/>
    <property name="user.language" value="en"/>
    <property name="java.specification.vendor" value="Oracle Corporation"/>
    <property name="java.version.date" value="2024-01-16"/>
    <property name="java.home" value="/Library/Java/JavaVirtualMachines/zulu-17.jdk/Contents/Home"/>
    <property name="file.separator" value="/"/>
    <property name="basedir" value="/Applications/Springboot_Microservices/simpleCalculator"/>
    <property name="java.vm.compressedOopsMode" value="Zero based"/>
    <property name="line.separator" value="&#10;"/>
    <property name="java.vm.specification.vendor" value="Oracle Corporation"/>
    <property name="java.specification.name" value="Java Platform API Specification"/>
    <property name="surefire.real.class.path" value="/Applications/Springboot_Microservices/simpleCalculator/target/surefire/surefirebooter18181514223320170423.jar"/>
    <property name="sun.management.compiler" value="HotSpot 64-Bit Tiered Compilers"/>
    <property name="ftp.nonProxyHosts" value="local|*.local|169.254/16|*.169.254/16"/>
    <property name="java.runtime.version" value="17.0.10+7-LTS"/>
    <property name="user.name" value="souravyadav"/>
    <property name="path.separator" value=":"/>
    <property name="os.version" value="15.0.1"/>
    <property name="java.runtime.name" value="OpenJDK Runtime Environment"/>
    <property name="file.encoding" value="US-ASCII"/>
    <property name="java.vm.name" value="OpenJDK 64-Bit Server VM"/>
    <property name="java.vendor.version" value="Zulu17.48+15-CA"/>
    <property name="localRepository" value="/Users/souravyadav/.m2/repository"/>
    <property name="java.vendor.url.bug" value="http://www.azul.com/support/"/>
    <property name="java.io.tmpdir" value="/var/folders/q2/4psvcpns5cndbk1xy6xjqtyw0000gn/T/"/>
    <property name="idea.version" value="2023.3.6"/>
    <property name="java.version" value="17.0.10"/>
    <property name="user.dir" value="/Applications/Springboot_Microservices/simpleCalculator"/>
    <property name="os.arch" value="aarch64"/>
    <property name="java.vm.specification.name" value="Java Virtual Machine Specification"/>
    <property name="native.encoding" value="US-ASCII"/>
    <property name="java.library.path" value="/Users/souravyadav/Library/Java/Extensions:/Library/Java/Extensions:/Network/Library/Java/Extensions:/System/Library/Java/Extensions:/usr/lib/java:."/>
    <property name="java.vm.info" value="mixed mode, sharing"/>
    <property name="java.vendor" value="Azul Systems, Inc."/>
    <property name="java.vm.version" value="17.0.10+7-LTS"/>
    <property name="sun.io.unicode.encoding" value="UnicodeBig"/>
    <property name="socksNonProxyHosts" value="local|*.local|169.254/16|*.169.254/16"/>
    <property name="java.class.version" value="61.0"/>
  </properties>
  <testcase name="addTwoNumsReturnSum" classname="com.learning.utils.CalculatorTest" time="0.012"/>
  <testcase name="checkEmptyReturn0" classname="com.learning.utils.CalculatorTest" time="0.001"/>
  <testcase name="notAddNegativeNumbers" classname="com.learning.utils.CalculatorTest" time="0.001"/>
  <testcase name="addNumsWithNewDelim" classname="com.learning.utils.CalculatorTest" time="0.001"/>
  <testcase name="addNumsWithNewlines" classname="com.learning.utils.CalculatorTest" time="0.001"/>
  <testcase name="notAddGreaterNums" classname="com.learning.utils.CalculatorTest" time="0"/>
  <testcase name="acceptNLengthDelim" classname="com.learning.utils.CalculatorTest" time="0.005">
    <error message="For input string: &quot;//***\n1***2***3&quot;" type="java.lang.NumberFormatException">java.lang.NumberFormatException: For input string: "//***\n1***2***3"
	at com.learning.utils.CalculatorTest.acceptNLengthDelim(CalculatorTest.java:48)
</error>
  </testcase>
  <testcase name="singleNumDontAdd" classname="com.learning.utils.CalculatorTest" time="0.001"/>
  <testcase name="addAnyNumsReturnSum" classname="com.learning.utils.CalculatorTest" time="0"/>
</testsuite>